<?xml version="1.0" encoding="UTF-8"?>
<!-- Generated by org.testng.reporters.JUnitReportReporter -->
<testsuite hostname="DESKTOP-FE2IBD3" failures="0" tests="1" name="testcases.LginApplication" time="27.437" errors="0" timestamp="2020-05-22T14:59:09 IST" skipped="0">
  <testcase classname="testcases.LginApplication" name="Login" time="27.437"/>
  <system-out/>
</testsuite> <!-- testcases.LginApplication -->
