<?xml version="1.0" encoding="UTF-8"?>
<!-- Generated by org.testng.reporters.JUnitReportReporter -->
<testsuite hostname="DESKTOP-FE2IBD3" failures="0" tests="1" name="Academy.validateTittle" time="27.189" errors="0" timestamp="2020-05-29T18:37:19 IST" skipped="0">
  <testcase classname="Academy.validateTittle" name="tittleValidation" time="27.189"/>
  <system-out/>
</testsuite> <!-- Academy.validateTittle -->
